[debug] [2025-07-11T21:28:12.042Z] ----------------------------------------------------------------------
[debug] [2025-07-11T21:28:12.049Z] Command:       /usr/local/bin/firebase /Users/hazherprivat/.cache/firebase/tools/lib/node_modules/firebase-tools/lib/bin/firebase init
[debug] [2025-07-11T21:28:12.050Z] CLI Version:   14.10.1
[debug] [2025-07-11T21:28:12.050Z] Platform:      darwin
[debug] [2025-07-11T21:28:12.050Z] Node Version:  v20.18.2
[debug] [2025-07-11T21:28:12.050Z] Time:          Fri Jul 11 2025 23:28:12 GMT+0200 (Central European Summer Time)
[debug] [2025-07-11T21:28:12.051Z] ----------------------------------------------------------------------
[debug] 
[debug] [2025-07-11T21:28:12.057Z] > command requires scopes: ["email","openid","https://www.googleapis.com/auth/cloudplatformprojects.readonly","https://www.googleapis.com/auth/firebase","https://www.googleapis.com/auth/cloud-platform"]
[debug] [2025-07-11T21:28:12.058Z] > authorizing via signed-in user (baxigshti@gmail.com)
[info] 
     ######## #### ########  ######## ########     ###     ######  ########
     ##        ##  ##     ## ##       ##     ##  ##   ##  ##       ##
     ######    ##  ########  ######   ########  #########  ######  ######
     ##        ##  ##    ##  ##       ##     ## ##     ##       ## ##
     ##       #### ##     ## ######## ########  ##     ##  ######  ########

You're about to initialize a Firebase project in this directory:

  /Users/hazherprivat/Desktop/DriftPro

[debug] [2025-07-11T23:21:42.048Z] Error: read EIO
    at TTY.onStreamRead (node:internal/stream_base_commons:218:20)
    at TTY.callbackTrampoline (node:internal/async_hooks:130:17)
